2025-03-31 17:00:13,895 INFO o.a.j.u.JMeterUtils: Setting Locale to en_EN
2025-03-31 17:00:13,909 INFO o.a.j.JMeter: Loading user properties from: /opt/homebrew/Cellar/jmeter/5.6.3/libexec/bin/user.properties
2025-03-31 17:00:13,910 INFO o.a.j.JMeter: Loading system properties from: /opt/homebrew/Cellar/jmeter/5.6.3/libexec/bin/system.properties
2025-03-31 17:00:13,913 INFO o.a.j.JMeter: Copyright (c) 1998-2024 The Apache Software Foundation
2025-03-31 17:00:13,913 INFO o.a.j.JMeter: Version 5.6.3
2025-03-31 17:00:13,913 INFO o.a.j.JMeter: java.version=21.0.6
2025-03-31 17:00:13,913 INFO o.a.j.JMeter: java.vm.name=OpenJDK 64-Bit Server VM
2025-03-31 17:00:13,913 INFO o.a.j.JMeter: os.name=Mac OS X
2025-03-31 17:00:13,913 INFO o.a.j.JMeter: os.arch=aarch64
2025-03-31 17:00:13,913 INFO o.a.j.JMeter: os.version=15.3.2
2025-03-31 17:00:13,913 INFO o.a.j.JMeter: file.encoding=UTF-8
2025-03-31 17:00:13,913 INFO o.a.j.JMeter: java.awt.headless=null
2025-03-31 17:00:13,913 INFO o.a.j.JMeter: Max memory     =1073741824
2025-03-31 17:00:13,913 INFO o.a.j.JMeter: Available Processors =12
2025-03-31 17:00:13,919 INFO o.a.j.JMeter: Default Locale=English (EN)
2025-03-31 17:00:13,919 INFO o.a.j.JMeter: JMeter  Locale=English (EN)
2025-03-31 17:00:13,919 INFO o.a.j.JMeter: JMeterHome=/opt/homebrew/Cellar/jmeter/5.6.3/libexec
2025-03-31 17:00:13,919 INFO o.a.j.JMeter: user.dir  =/Users/sushmeetkaur/Desktop/soft-arch/scms-backend
2025-03-31 17:00:13,919 INFO o.a.j.JMeter: PWD       =/Users/sushmeetkaur/Desktop/soft-arch/scms-backend
2025-03-31 17:00:13,921 INFO o.a.j.JMeter: IP: 10.65.242.53 Name: Sushmeet-Mac FullName: 10.65.242.53
2025-03-31 17:00:13,929 INFO o.a.j.JMeter: Loaded icon properties from org/apache/jmeter/images/icon.properties
2025-03-31 17:00:15,174 INFO o.a.j.JMeterGuiLauncher: Setting LAF to: com.github.weisj.darklaf.DarkLaf:com.github.weisj.darklaf.theme.DarculaTheme
2025-03-31 17:00:17,061 INFO o.a.j.r.ClassFinder: Will scan jar /opt/homebrew/Cellar/jmeter/5.6.3/libexec/lib/ext/jmeter-plugins-manager-1.9.jar with filter ExtendsClassFilter [parents=[interface org.apache.jmeter.gui.action.Command], inner=false, contains=null, notContains=null]. Consider exposing JMeter plugins via META-INF/services, and add JMeter-Skip-Class-Scanning=true manifest attribute so JMeter can skip classfile scanning
2025-03-31 17:00:17,132 INFO o.a.j.r.ClassFinder: Will scan jar /opt/homebrew/Cellar/jmeter/5.6.3/libexec/lib/ext/jmeter-plugins-manager-1.9.jar with filter ExtendsClassFilter [parents=[interface org.apache.jmeter.gui.plugin.MenuCreator], inner=false, contains=null, notContains=null]. Consider exposing JMeter plugins via META-INF/services, and add JMeter-Skip-Class-Scanning=true manifest attribute so JMeter can skip classfile scanning
2025-03-31 17:00:17,205 INFO o.j.r.JARSourceHTTP: Requesting https://jmeter-plugins.org/repo/?installID=mac_os_x-558996cdc9b9cff634e066ea9c19e21e-gui
2025-03-31 17:00:18,704 INFO o.j.r.PluginManager: Plugins Status: [jpgc-plugins-manager=1.9, jmeter-core=5.6.3, jmeter-ftp=5.6.3, jmeter-http=5.6.3, jmeter-jdbc=5.6.3, jmeter-jms=5.6.3, jmeter-junit=5.6.3, jmeter-java=5.6.3, jmeter-ldap=5.6.3, jmeter-mail=5.6.3, jmeter-mongodb=5.6.3, jmeter-native=5.6.3, jmeter-tcp=5.6.3, jmeter-components=5.6.3]
2025-03-31 17:00:18,704 INFO o.j.r.PluginManagerMenuItem: Plugins Manager has upgrades: [jpgc-plugins-manager]
2025-03-31 17:04:14,852 INFO o.a.j.p.h.s.HTTPSamplerBase: Parser for text/html is org.apache.jmeter.protocol.http.parser.LagartoBasedHtmlParser
2025-03-31 17:04:14,852 INFO o.a.j.p.h.s.HTTPSamplerBase: Parser for application/xhtml+xml is org.apache.jmeter.protocol.http.parser.LagartoBasedHtmlParser
2025-03-31 17:04:14,852 INFO o.a.j.p.h.s.HTTPSamplerBase: Parser for application/xml is org.apache.jmeter.protocol.http.parser.LagartoBasedHtmlParser
2025-03-31 17:04:14,852 INFO o.a.j.p.h.s.HTTPSamplerBase: Parser for text/xml is org.apache.jmeter.protocol.http.parser.LagartoBasedHtmlParser
2025-03-31 17:04:14,852 INFO o.a.j.p.h.s.HTTPSamplerBase: Parser for text/vnd.wap.wml is org.apache.jmeter.protocol.http.parser.RegexpHTMLParser
2025-03-31 17:04:14,853 INFO o.a.j.p.h.s.HTTPSamplerBase: Parser for text/css is org.apache.jmeter.protocol.http.parser.CssParser
2025-03-31 17:05:41,876 INFO o.a.j.s.SampleResult: Note: Sample TimeStamps are START times
2025-03-31 17:05:41,877 INFO o.a.j.s.SampleResult: sampleresult.default.encoding is set to UTF-8
2025-03-31 17:05:41,877 INFO o.a.j.s.SampleResult: sampleresult.useNanoTime=true
2025-03-31 17:05:41,877 INFO o.a.j.s.SampleResult: sampleresult.nanoThreadSleep=5000
2025-03-31 17:05:41,936 INFO o.a.j.r.ClassFinder: Will scan jar /opt/homebrew/Cellar/jmeter/5.6.3/libexec/lib/ext/jmeter-plugins-manager-1.9.jar with filter ExtendsClassFilter [parents=[interface org.apache.jmeter.visualizers.ResultRenderer], inner=false, contains=null, notContains=null]. Consider exposing JMeter plugins via META-INF/services, and add JMeter-Skip-Class-Scanning=true manifest attribute so JMeter can skip classfile scanning
2025-03-31 17:05:41,946 INFO o.a.j.r.ClassFinder: Will scan jar /opt/homebrew/Cellar/jmeter/5.6.3/libexec/lib/ext/jmeter-plugins-manager-1.9.jar with filter ExtendsClassFilter [parents=[interface org.apache.jmeter.visualizers.RequestView], inner=false, contains=null, notContains=null]. Consider exposing JMeter plugins via META-INF/services, and add JMeter-Skip-Class-Scanning=true manifest attribute so JMeter can skip classfile scanning
2025-03-31 17:10:42,626 INFO o.a.j.s.FileServer: Default base='/Users/sushmeetkaur/Desktop/soft-arch/scms-backend'
2025-03-31 17:10:42,628 INFO o.a.j.s.FileServer: Set new base='/Users/sushmeetkaur/Desktop/soft-arch/scms-backend'
2025-03-31 17:10:42,746 INFO o.a.j.s.SaveService: Testplan (JMX) version: 2.2. Testlog (JTL) version: 2.2
2025-03-31 17:10:42,750 INFO o.a.j.s.SaveService: Using SaveService properties version 5.0
2025-03-31 17:10:42,751 INFO o.a.j.s.SaveService: Using SaveService properties file encoding UTF-8
2025-03-31 17:10:42,765 INFO o.a.j.e.StandardJMeterEngine: Running the test!
2025-03-31 17:10:42,766 INFO o.a.j.s.SampleEvent: List of sample_variables: []
2025-03-31 17:10:42,766 INFO o.a.j.s.SampleEvent: List of sample_variables: []
2025-03-31 17:10:42,766 INFO o.a.j.e.u.CompoundVariable: Note: Function class names must contain the string: '.functions.'
2025-03-31 17:10:42,767 INFO o.a.j.e.u.CompoundVariable: Note: Function class names must not contain the string: '.gui.'
2025-03-31 17:10:42,794 INFO o.a.j.r.ClassFinder: Will scan jar /opt/homebrew/Cellar/jmeter/5.6.3/libexec/lib/ext/jmeter-plugins-manager-1.9.jar with filter ExtendsClassFilter [parents=[interface org.apache.jmeter.functions.Function], inner=false, contains=null, notContains=null]. Consider exposing JMeter plugins via META-INF/services, and add JMeter-Skip-Class-Scanning=true manifest attribute so JMeter can skip classfile scanning
2025-03-31 17:10:42,798 INFO o.a.j.g.u.JMeterMenuBar: setRunning(true, *local*)
2025-03-31 17:10:42,824 INFO o.a.j.e.StandardJMeterEngine: Starting ThreadGroup: 1 : Thread Group
2025-03-31 17:10:42,824 INFO o.a.j.e.StandardJMeterEngine: Starting 5 threads for group Thread Group.
2025-03-31 17:10:42,824 INFO o.a.j.e.StandardJMeterEngine: Thread will continue on error
2025-03-31 17:10:42,824 INFO o.a.j.t.ThreadGroup: Starting thread group... number=1 threads=5 ramp-up=5 delayedStart=false
2025-03-31 17:10:42,826 INFO o.a.j.t.JMeterThread: Thread started: Thread Group 1-1
2025-03-31 17:10:42,826 INFO o.a.j.t.ThreadGroup: Started thread group number 1
2025-03-31 17:10:42,826 INFO o.a.j.e.StandardJMeterEngine: All thread groups have been started
2025-03-31 17:10:42,830 INFO o.a.j.p.h.s.HTTPHCAbstractImpl: Local host = Sushmeet-Mac
2025-03-31 17:10:42,833 INFO o.a.j.p.h.s.HTTPHC4Impl: HTTP request retry count = 0
2025-03-31 17:10:42,859 INFO o.a.j.t.JMeterThread: Thread is done: Thread Group 1-1
2025-03-31 17:10:42,859 INFO o.a.j.t.JMeterThread: Thread finished: Thread Group 1-1
2025-03-31 17:10:43,829 INFO o.a.j.t.JMeterThread: Thread started: Thread Group 1-2
2025-03-31 17:10:43,833 INFO o.a.j.t.JMeterThread: Thread is done: Thread Group 1-2
2025-03-31 17:10:43,833 INFO o.a.j.t.JMeterThread: Thread finished: Thread Group 1-2
2025-03-31 17:10:44,829 INFO o.a.j.t.JMeterThread: Thread started: Thread Group 1-3
2025-03-31 17:10:44,831 INFO o.a.j.t.JMeterThread: Thread is done: Thread Group 1-3
2025-03-31 17:10:44,831 INFO o.a.j.t.JMeterThread: Thread finished: Thread Group 1-3
2025-03-31 17:10:45,829 INFO o.a.j.t.JMeterThread: Thread started: Thread Group 1-4
2025-03-31 17:10:45,832 INFO o.a.j.t.JMeterThread: Thread is done: Thread Group 1-4
2025-03-31 17:10:45,832 INFO o.a.j.t.JMeterThread: Thread finished: Thread Group 1-4
2025-03-31 17:10:46,829 INFO o.a.j.t.JMeterThread: Thread started: Thread Group 1-5
2025-03-31 17:10:46,833 INFO o.a.j.t.JMeterThread: Thread is done: Thread Group 1-5
2025-03-31 17:10:46,833 INFO o.a.j.t.JMeterThread: Thread finished: Thread Group 1-5
2025-03-31 17:10:46,833 INFO o.a.j.e.StandardJMeterEngine: Notifying test listeners of end of test
2025-03-31 17:10:46,834 INFO o.a.j.g.u.JMeterMenuBar: setRunning(false, *local*)
2025-03-31 17:10:48,535 INFO o.a.j.e.StandardJMeterEngine: Running the test!
2025-03-31 17:10:48,536 INFO o.a.j.s.SampleEvent: List of sample_variables: []
2025-03-31 17:10:48,536 INFO o.a.j.g.u.JMeterMenuBar: setRunning(true, *local*)
2025-03-31 17:10:48,566 INFO o.a.j.e.StandardJMeterEngine: Starting ThreadGroup: 1 : Thread Group
2025-03-31 17:10:48,566 INFO o.a.j.e.StandardJMeterEngine: Starting 5 threads for group Thread Group.
2025-03-31 17:10:48,566 INFO o.a.j.e.StandardJMeterEngine: Thread will continue on error
2025-03-31 17:10:48,566 INFO o.a.j.t.ThreadGroup: Starting thread group... number=1 threads=5 ramp-up=5 delayedStart=false
2025-03-31 17:10:48,567 INFO o.a.j.t.JMeterThread: Thread started: Thread Group 1-1
2025-03-31 17:10:48,567 INFO o.a.j.t.ThreadGroup: Started thread group number 1
2025-03-31 17:10:48,567 INFO o.a.j.e.StandardJMeterEngine: All thread groups have been started
2025-03-31 17:10:48,569 INFO o.a.j.t.JMeterThread: Thread is done: Thread Group 1-1
2025-03-31 17:10:48,569 INFO o.a.j.t.JMeterThread: Thread finished: Thread Group 1-1
2025-03-31 17:10:49,571 INFO o.a.j.t.JMeterThread: Thread started: Thread Group 1-2
2025-03-31 17:10:49,577 INFO o.a.j.t.JMeterThread: Thread is done: Thread Group 1-2
2025-03-31 17:10:49,578 INFO o.a.j.t.JMeterThread: Thread finished: Thread Group 1-2
2025-03-31 17:10:50,571 INFO o.a.j.t.JMeterThread: Thread started: Thread Group 1-3
2025-03-31 17:10:50,574 INFO o.a.j.t.JMeterThread: Thread is done: Thread Group 1-3
2025-03-31 17:10:50,574 INFO o.a.j.t.JMeterThread: Thread finished: Thread Group 1-3
2025-03-31 17:10:51,572 INFO o.a.j.t.JMeterThread: Thread started: Thread Group 1-4
2025-03-31 17:10:51,580 INFO o.a.j.t.JMeterThread: Thread is done: Thread Group 1-4
2025-03-31 17:10:51,581 INFO o.a.j.t.JMeterThread: Thread finished: Thread Group 1-4
2025-03-31 17:10:52,572 INFO o.a.j.t.JMeterThread: Thread started: Thread Group 1-5
2025-03-31 17:10:52,577 INFO o.a.j.t.JMeterThread: Thread is done: Thread Group 1-5
2025-03-31 17:10:52,577 INFO o.a.j.t.JMeterThread: Thread finished: Thread Group 1-5
2025-03-31 17:10:52,578 INFO o.a.j.e.StandardJMeterEngine: Notifying test listeners of end of test
2025-03-31 17:10:52,578 INFO o.a.j.g.u.JMeterMenuBar: setRunning(false, *local*)
